Arguments: 
  /home/matias/.nvm/versions/node/v6.4.0/bin/node /home/matias/.nvm/versions/node/v6.4.0/bin/yarn add request

PATH: 
  /home/matias/anaconda2/bin:/home/matias/.nvm/versions/node/v6.4.0/bin:/usr/local/sbin:/usr/local/bin:/usr/sbin:/usr/bin:/sbin:/bin:/usr/games:/usr/local/games

Yarn version: 
  0.16.1

Node version: 
  6.4.0

Platform: 
  linux x64

npm manifest: 
  {
    "name": "clase7",
    "version": "1.0.0",
    "description": "Promesas, Yarn",
    "main": "index.js",
    "scripts": {
      "test": "echo \"Error: no test specified\" && exit 1"
    },
    "author": "Matias Campos",
    "license": "ISC",
    "dependencies": {
      "bluebird": "^3.4.6"
    }
  }

yarn manifest: 
  No manifest

bower manifest: 
  No manifest

Lockfile: 
  # THIS IS AN AUTOGENERATED FILE. DO NOT EDIT THIS FILE DIRECTLY.
  # yarn lockfile v1
  bluebird:
    version "3.4.6"
    resolved "https://registry.yarnpkg.com/bluebird/-/bluebird-3.4.6.tgz#01da8d821d87813d158967e743d5fe6c62cf8c0f"

Trace: 
  Error: connect EINVAL 104.16.61.173:443
      at Object.exports._errnoException (util.js:1026:11)
      at exports._exceptionWithHostPort (util.js:1049:20)
      at TCPConnectWrap.afterConnect [as oncomplete] (net.js:1081:14)
